<?xml version="1.0" encoding="UTF-8"?>
<coverage generated="1779179593933" clover="3.2.0">
  <project timestamp="1779179593934" name="All files">
    <metrics statements="40" coveredstatements="40" conditionals="14" coveredconditionals="12" methods="3" coveredmethods="3" elements="57" coveredelements="55" complexity="0" loc="40" ncloc="40" packages="1" files="1" classes="1"/>
    <file name="chat.js" path="D:\Sofi\Web\Lab_6\chat.js">
      <metrics statements="40" coveredstatements="40" conditionals="14" coveredconditionals="12" methods="3" coveredmethods="3"/>
      <line num="1" count="9" type="stmt"/>
      <line num="2" count="9" type="stmt"/>
      <line num="3" count="9" type="stmt"/>
      <line num="5" count="9" type="cond" truecount="1" falsecount="1"/>
      <line num="7" count="9" type="stmt"/>
      <line num="9" count="4" type="stmt"/>
      <line num="10" count="4" type="stmt"/>
      <line num="12" count="1" type="stmt"/>
      <line num="13" count="1" type="stmt"/>
      <line num="15" count="3" type="stmt"/>
      <line num="17" count="3" type="cond" truecount="2" falsecount="0"/>
      <line num="18" count="1" type="stmt"/>
      <line num="19" count="1" type="stmt"/>
      <line num="20" count="1" type="stmt"/>
      <line num="21" count="1" type="stmt"/>
      <line num="23" count="2" type="stmt"/>
      <line num="24" count="2" type="stmt"/>
      <line num="25" count="2" type="stmt"/>
      <line num="27" count="2" type="stmt"/>
      <line num="28" count="2" type="stmt"/>
      <line num="30" count="2" type="stmt"/>
      <line num="31" count="2" type="stmt"/>
      <line num="33" count="2" type="cond" truecount="2" falsecount="0"/>
      <line num="34" count="1" type="stmt"/>
      <line num="35" count="1" type="stmt"/>
      <line num="37" count="1" type="stmt"/>
      <line num="39" count="1" type="stmt"/>
      <line num="40" count="1" type="stmt"/>
      <line num="43" count="2" type="stmt"/>
      <line num="44" count="2" type="stmt"/>
      <line num="45" count="2" type="stmt"/>
      <line num="48" count="3" type="stmt"/>
      <line num="52" count="3" type="cond" truecount="2" falsecount="0"/>
      <line num="53" count="2" type="stmt"/>
      <line num="58" count="2" type="stmt"/>
      <line num="59" count="2" type="stmt"/>
      <line num="63" count="9" type="stmt"/>
      <line num="64" count="2" type="cond" truecount="2" falsecount="0"/>
      <line num="67" count="9" type="cond" truecount="3" falsecount="1"/>
      <line num="68" count="9" type="stmt"/>
    </file>
  </project>
</coverage>
