{"D:\\Sofi\\Web\\Lab_6\\chat.js": {"path":"D:\\Sofi\\Web\\Lab_6\\chat.js","statementMap":{"0":{"start":{"line":1,"column":11},"end":{"line":1,"column":50}},"1":{"start":{"line":2,"column":16},"end":{"line":2,"column":50}},"2":{"start":{"line":3,"column":14},"end":{"line":3,"column":53}},"3":{"start":{"line":5,"column":15},"end":{"line":5,"column":54}},"4":{"start":{"line":7,"column":0},"end":{"line":49,"column":2}},"5":{"start":{"line":9,"column":4},"end":{"line":14,"column":5}},"6":{"start":{"line":10,"column":8},"end":{"line":10,"column":38}},"7":{"start":{"line":12,"column":8},"end":{"line":12,"column":62}},"8":{"start":{"line":13,"column":8},"end":{"line":13,"column":15}},"9":{"start":{"line":15,"column":23},"end":{"line":15,"column":52}},"10":{"start":{"line":17,"column":4},"end":{"line":46,"column":5}},"11":{"start":{"line":18,"column":26},"end":{"line":18,"column":55}},"12":{"start":{"line":19,"column":8},"end":{"line":19,"column":47}},"13":{"start":{"line":20,"column":8},"end":{"line":20,"column":42}},"14":{"start":{"line":21,"column":8},"end":{"line":21,"column":39}},"15":{"start":{"line":23,"column":24},"end":{"line":23,"column":53}},"16":{"start":{"line":24,"column":26},"end":{"line":24,"column":55}},"17":{"start":{"line":25,"column":23},"end":{"line":25,"column":52}},"18":{"start":{"line":27,"column":8},"end":{"line":27,"column":47}},"19":{"start":{"line":28,"column":8},"end":{"line":28,"column":42}},"20":{"start":{"line":30,"column":8},"end":{"line":30,"column":37}},"21":{"start":{"line":31,"column":8},"end":{"line":31,"column":39}},"22":{"start":{"line":33,"column":8},"end":{"line":41,"column":9}},"23":{"start":{"line":34,"column":12},"end":{"line":34,"column":61}},"24":{"start":{"line":35,"column":12},"end":{"line":35,"column":39}},"25":{"start":{"line":37,"column":12},"end":{"line":37,"column":45}},"26":{"start":{"line":39,"column":12},"end":{"line":39,"column":64}},"27":{"start":{"line":40,"column":12},"end":{"line":40,"column":42}},"28":{"start":{"line":43,"column":8},"end":{"line":43,"column":39}},"29":{"start":{"line":44,"column":8},"end":{"line":44,"column":36}},"30":{"start":{"line":45,"column":8},"end":{"line":45,"column":37}},"31":{"start":{"line":48,"column":4},"end":{"line":48,"column":45}},"32":{"start":{"line":52,"column":4},"end":{"line":60,"column":5}},"33":{"start":{"line":53,"column":30},"end":{"line":57,"column":9}},"34":{"start":{"line":58,"column":8},"end":{"line":58,"column":47}},"35":{"start":{"line":59,"column":8},"end":{"line":59,"column":25}},"36":{"start":{"line":63,"column":0},"end":{"line":65,"column":3}},"37":{"start":{"line":64,"column":4},"end":{"line":64,"column":41}},"38":{"start":{"line":64,"column":27},"end":{"line":64,"column":41}},"39":{"start":{"line":67,"column":0},"end":{"line":69,"column":1}},"40":{"start":{"line":68,"column":4},"end":{"line":68,"column":37}}},"fnMap":{"0":{"name":"(anonymous_0)","decl":{"start":{"line":7,"column":15},"end":{"line":7,"column":16}},"loc":{"start":{"line":7,"column":26},"end":{"line":49,"column":1}},"line":7},"1":{"name":"sendMessage","decl":{"start":{"line":51,"column":9},"end":{"line":51,"column":20}},"loc":{"start":{"line":51,"column":23},"end":{"line":61,"column":1}},"line":51},"2":{"name":"(anonymous_2)","decl":{"start":{"line":63,"column":35},"end":{"line":63,"column":36}},"loc":{"start":{"line":63,"column":42},"end":{"line":65,"column":1}},"line":63}},"branchMap":{"0":{"loc":{"start":{"line":5,"column":15},"end":{"line":5,"column":54}},"type":"binary-expr","locations":[{"start":{"line":5,"column":15},"end":{"line":5,"column":43}},{"start":{"line":5,"column":47},"end":{"line":5,"column":54}}],"line":5},"1":{"loc":{"start":{"line":17,"column":4},"end":{"line":46,"column":5}},"type":"if","locations":[{"start":{"line":17,"column":4},"end":{"line":46,"column":5}},{"start":{"line":22,"column":11},"end":{"line":46,"column":5}}],"line":17},"2":{"loc":{"start":{"line":33,"column":8},"end":{"line":41,"column":9}},"type":"if","locations":[{"start":{"line":33,"column":8},"end":{"line":41,"column":9}},{"start":{"line":38,"column":15},"end":{"line":41,"column":9}}],"line":33},"3":{"loc":{"start":{"line":52,"column":4},"end":{"line":60,"column":5}},"type":"if","locations":[{"start":{"line":52,"column":4},"end":{"line":60,"column":5}},{"start":{},"end":{}}],"line":52},"4":{"loc":{"start":{"line":64,"column":4},"end":{"line":64,"column":41}},"type":"if","locations":[{"start":{"line":64,"column":4},"end":{"line":64,"column":41}},{"start":{},"end":{}}],"line":64},"5":{"loc":{"start":{"line":67,"column":0},"end":{"line":69,"column":1}},"type":"if","locations":[{"start":{"line":67,"column":0},"end":{"line":69,"column":1}},{"start":{},"end":{}}],"line":67},"6":{"loc":{"start":{"line":67,"column":4},"end":{"line":67,"column":51}},"type":"binary-expr","locations":[{"start":{"line":67,"column":4},"end":{"line":67,"column":33}},{"start":{"line":67,"column":37},"end":{"line":67,"column":51}}],"line":67}},"s":{"0":9,"1":9,"2":9,"3":9,"4":9,"5":4,"6":4,"7":1,"8":1,"9":3,"10":3,"11":1,"12":1,"13":1,"14":1,"15":2,"16":2,"17":2,"18":2,"19":2,"20":2,"21":2,"22":2,"23":1,"24":1,"25":1,"26":1,"27":1,"28":2,"29":2,"30":2,"31":3,"32":3,"33":2,"34":2,"35":2,"36":9,"37":2,"38":1,"39":9,"40":9},"f":{"0":4,"1":3,"2":2},"b":{"0":[9,0],"1":[1,2],"2":[1,1],"3":[2,1],"4":[1,1],"5":[9,0],"6":[9,9]},"_coverageSchema":"1a1c01bbd47fc00a2c39e90264f33305004495a9","hash":"c069d3cba8d691762cd6051eb46ba2d9e02c42a9"}
}
