TN:
SF:chat.js
FN:7,(anonymous_0)
FN:51,sendMessage
FN:63,(anonymous_2)
FNF:3
FNH:3
FNDA:4,(anonymous_0)
FNDA:3,sendMessage
FNDA:2,(anonymous_2)
DA:1,9
DA:2,9
DA:3,9
DA:5,9
DA:7,9
DA:9,4
DA:10,4
DA:12,1
DA:13,1
DA:15,3
DA:17,3
DA:18,1
DA:19,1
DA:20,1
DA:21,1
DA:23,2
DA:24,2
DA:25,2
DA:27,2
DA:28,2
DA:30,2
DA:31,2
DA:33,2
DA:34,1
DA:35,1
DA:37,1
DA:39,1
DA:40,1
DA:43,2
DA:44,2
DA:45,2
DA:48,3
DA:52,3
DA:53,2
DA:58,2
DA:59,2
DA:63,9
DA:64,2
DA:67,9
DA:68,9
LF:40
LH:40
BRDA:5,0,0,9
BRDA:5,0,1,0
BRDA:17,1,0,1
BRDA:17,1,1,2
BRDA:33,2,0,1
BRDA:33,2,1,1
BRDA:52,3,0,2
BRDA:52,3,1,1
BRDA:64,4,0,1
BRDA:64,4,1,1
BRDA:67,5,0,9
BRDA:67,5,1,0
BRDA:67,6,0,9
BRDA:67,6,1,9
BRF:14
BRH:12
end_of_record
