{"D:\\Sofi\\Web\\Lab_2\\api.js": {"path":"D:\\Sofi\\Web\\Lab_2\\api.js","statementMap":{"0":{"start":{"line":1,"column":17},"end":{"line":1,"column":44}},"1":{"start":{"line":3,"column":19},"end":{"line":42,"column":1}},"2":{"start":{"line":5,"column":25},"end":{"line":10,"column":10}},"3":{"start":{"line":12,"column":8},"end":{"line":14,"column":9}},"4":{"start":{"line":13,"column":12},"end":{"line":13,"column":59}},"5":{"start":{"line":16,"column":8},"end":{"line":16,"column":64}},"6":{"start":{"line":20,"column":8},"end":{"line":20,"column":38}},"7":{"start":{"line":24,"column":8},"end":{"line":27,"column":11}},"8":{"start":{"line":31,"column":8},"end":{"line":33,"column":11}},"9":{"start":{"line":37,"column":8},"end":{"line":40,"column":11}}},"fnMap":{"0":{"name":"(anonymous_0)","decl":{"start":{"line":4,"column":4},"end":{"line":4,"column":5}},"loc":{"start":{"line":4,"column":42},"end":{"line":17,"column":5}},"line":4},"1":{"name":"(anonymous_1)","decl":{"start":{"line":19,"column":4},"end":{"line":19,"column":5}},"loc":{"start":{"line":19,"column":13},"end":{"line":21,"column":5}},"line":19},"2":{"name":"(anonymous_2)","decl":{"start":{"line":23,"column":4},"end":{"line":23,"column":5}},"loc":{"start":{"line":23,"column":17},"end":{"line":28,"column":5}},"line":23},"3":{"name":"(anonymous_3)","decl":{"start":{"line":30,"column":4},"end":{"line":30,"column":5}},"loc":{"start":{"line":30,"column":15},"end":{"line":34,"column":5}},"line":30},"4":{"name":"(anonymous_4)","decl":{"start":{"line":36,"column":4},"end":{"line":36,"column":5}},"loc":{"start":{"line":36,"column":21},"end":{"line":41,"column":5}},"line":36}},"branchMap":{"0":{"loc":{"start":{"line":4,"column":28},"end":{"line":4,"column":40}},"type":"default-arg","locations":[{"start":{"line":4,"column":38},"end":{"line":4,"column":40}}],"line":4},"1":{"loc":{"start":{"line":12,"column":8},"end":{"line":14,"column":9}},"type":"if","locations":[{"start":{"line":12,"column":8},"end":{"line":14,"column":9}},{"start":{},"end":{}}],"line":12},"2":{"loc":{"start":{"line":16,"column":15},"end":{"line":16,"column":63}},"type":"cond-expr","locations":[{"start":{"line":16,"column":41},"end":{"line":16,"column":45}},{"start":{"line":16,"column":48},"end":{"line":16,"column":63}}],"line":16}},"s":{"0":7,"1":7,"2":14,"3":13,"4":1,"5":12,"6":8,"7":2,"8":2,"9":2},"f":{"0":14,"1":8,"2":2,"3":2,"4":2},"b":{"0":[8],"1":[1,12],"2":[2,10]},"_coverageSchema":"1a1c01bbd47fc00a2c39e90264f33305004495a9","hash":"5459da31761d4124e38c0dbac42adb05d5e91395"}
,"D:\\Sofi\\Web\\Lab_2\\app.js": {"path":"D:\\Sofi\\Web\\Lab_2\\app.js","statementMap":{"0":{"start":{"line":3,"column":14},"end":{"line":5,"column":1}},"1":{"start":{"line":7,"column":18},"end":{"line":15,"column":1}},"2":{"start":{"line":8,"column":22},"end":{"line":8,"column":64}},"3":{"start":{"line":9,"column":4},"end":{"line":14,"column":5}},"4":{"start":{"line":10,"column":8},"end":{"line":10,"column":40}},"5":{"start":{"line":11,"column":8},"end":{"line":13,"column":17}},"6":{"start":{"line":12,"column":12},"end":{"line":12,"column":39}},"7":{"start":{"line":17,"column":15},"end":{"line":63,"column":1}},"8":{"start":{"line":18,"column":17},"end":{"line":18,"column":52}},"9":{"start":{"line":19,"column":4},"end":{"line":19,"column":24}},"10":{"start":{"line":21,"column":4},"end":{"line":62,"column":7}},"11":{"start":{"line":22,"column":19},"end":{"line":22,"column":47}},"12":{"start":{"line":23,"column":8},"end":{"line":23,"column":40}},"13":{"start":{"line":25,"column":25},"end":{"line":25,"column":56}},"14":{"start":{"line":26,"column":8},"end":{"line":26,"column":35}},"15":{"start":{"line":27,"column":8},"end":{"line":27,"column":42}},"16":{"start":{"line":28,"column":8},"end":{"line":28,"column":45}},"17":{"start":{"line":30,"column":21},"end":{"line":30,"column":51}},"18":{"start":{"line":31,"column":8},"end":{"line":31,"column":38}},"19":{"start":{"line":32,"column":8},"end":{"line":34,"column":9}},"20":{"start":{"line":33,"column":12},"end":{"line":33,"column":46}},"21":{"start":{"line":36,"column":8},"end":{"line":43,"column":10}},"22":{"start":{"line":37,"column":28},"end":{"line":37,"column":93}},"23":{"start":{"line":38,"column":26},"end":{"line":38,"column":72}},"24":{"start":{"line":38,"column":55},"end":{"line":38,"column":71}},"25":{"start":{"line":39,"column":12},"end":{"line":41,"column":13}},"26":{"start":{"line":40,"column":16},"end":{"line":40,"column":65}},"27":{"start":{"line":42,"column":12},"end":{"line":42,"column":21}},"28":{"start":{"line":45,"column":26},"end":{"line":45,"column":58}},"29":{"start":{"line":46,"column":8},"end":{"line":46,"column":42}},"30":{"start":{"line":47,"column":8},"end":{"line":47,"column":43}},"31":{"start":{"line":48,"column":8},"end":{"line":56,"column":10}},"32":{"start":{"line":49,"column":12},"end":{"line":55,"column":13}},"33":{"start":{"line":50,"column":16},"end":{"line":50,"column":49}},"34":{"start":{"line":51,"column":16},"end":{"line":51,"column":74}},"35":{"start":{"line":51,"column":56},"end":{"line":51,"column":72}},"36":{"start":{"line":52,"column":16},"end":{"line":52,"column":25}},"37":{"start":{"line":54,"column":16},"end":{"line":54,"column":61}},"38":{"start":{"line":58,"column":8},"end":{"line":58,"column":33}},"39":{"start":{"line":59,"column":8},"end":{"line":59,"column":29}},"40":{"start":{"line":60,"column":8},"end":{"line":60,"column":34}},"41":{"start":{"line":61,"column":8},"end":{"line":61,"column":29}},"42":{"start":{"line":65,"column":13},"end":{"line":82,"column":1}},"43":{"start":{"line":66,"column":4},"end":{"line":71,"column":5}},"44":{"start":{"line":67,"column":8},"end":{"line":67,"column":48}},"45":{"start":{"line":68,"column":8},"end":{"line":68,"column":17}},"46":{"start":{"line":70,"column":8},"end":{"line":70,"column":82}},"47":{"start":{"line":73,"column":4},"end":{"line":81,"column":6}},"48":{"start":{"line":74,"column":22},"end":{"line":74,"column":58}},"49":{"start":{"line":75,"column":8},"end":{"line":75,"column":33}},"50":{"start":{"line":75,"column":26},"end":{"line":75,"column":33}},"51":{"start":{"line":77,"column":24},"end":{"line":77,"column":71}},"52":{"start":{"line":78,"column":8},"end":{"line":78,"column":34}},"53":{"start":{"line":79,"column":8},"end":{"line":79,"column":25}},"54":{"start":{"line":80,"column":8},"end":{"line":80,"column":17}},"55":{"start":{"line":84,"column":0},"end":{"line":84,"column":7}}},"fnMap":{"0":{"name":"(anonymous_0)","decl":{"start":{"line":7,"column":18},"end":{"line":7,"column":19}},"loc":{"start":{"line":7,"column":31},"end":{"line":15,"column":1}},"line":7},"1":{"name":"(anonymous_1)","decl":{"start":{"line":11,"column":19},"end":{"line":11,"column":20}},"loc":{"start":{"line":11,"column":25},"end":{"line":13,"column":9}},"line":11},"2":{"name":"(anonymous_2)","decl":{"start":{"line":17,"column":15},"end":{"line":17,"column":16}},"loc":{"start":{"line":17,"column":21},"end":{"line":63,"column":1}},"line":17},"3":{"name":"(anonymous_3)","decl":{"start":{"line":21,"column":24},"end":{"line":21,"column":25}},"loc":{"start":{"line":21,"column":34},"end":{"line":62,"column":5}},"line":21},"4":{"name":"(anonymous_4)","decl":{"start":{"line":36,"column":28},"end":{"line":36,"column":29}},"loc":{"start":{"line":36,"column":40},"end":{"line":43,"column":9}},"line":36},"5":{"name":"(anonymous_5)","decl":{"start":{"line":38,"column":48},"end":{"line":38,"column":49}},"loc":{"start":{"line":38,"column":55},"end":{"line":38,"column":71}},"line":38},"6":{"name":"(anonymous_6)","decl":{"start":{"line":48,"column":28},"end":{"line":48,"column":29}},"loc":{"start":{"line":48,"column":40},"end":{"line":56,"column":9}},"line":48},"7":{"name":"(anonymous_7)","decl":{"start":{"line":51,"column":49},"end":{"line":51,"column":50}},"loc":{"start":{"line":51,"column":56},"end":{"line":51,"column":72}},"line":51},"8":{"name":"(anonymous_8)","decl":{"start":{"line":65,"column":13},"end":{"line":65,"column":14}},"loc":{"start":{"line":65,"column":25},"end":{"line":82,"column":1}},"line":65},"9":{"name":"(anonymous_9)","decl":{"start":{"line":73,"column":51},"end":{"line":73,"column":52}},"loc":{"start":{"line":73,"column":63},"end":{"line":81,"column":5}},"line":73}},"branchMap":{"0":{"loc":{"start":{"line":9,"column":4},"end":{"line":14,"column":5}},"type":"if","locations":[{"start":{"line":9,"column":4},"end":{"line":14,"column":5}},{"start":{},"end":{}}],"line":9},"1":{"loc":{"start":{"line":32,"column":8},"end":{"line":34,"column":9}},"type":"if","locations":[{"start":{"line":32,"column":8},"end":{"line":34,"column":9}},{"start":{},"end":{}}],"line":32},"2":{"loc":{"start":{"line":39,"column":12},"end":{"line":41,"column":13}},"type":"if","locations":[{"start":{"line":39,"column":12},"end":{"line":41,"column":13}},{"start":{},"end":{}}],"line":39},"3":{"loc":{"start":{"line":75,"column":8},"end":{"line":75,"column":33}},"type":"if","locations":[{"start":{"line":75,"column":8},"end":{"line":75,"column":33}},{"start":{},"end":{}}],"line":75}},"s":{"0":6,"1":6,"2":1,"3":1,"4":1,"5":1,"6":0,"7":6,"8":8,"9":8,"10":8,"11":5,"12":5,"13":5,"14":5,"15":5,"16":5,"17":5,"18":5,"19":5,"20":1,"21":5,"22":1,"23":1,"24":1,"25":1,"26":1,"27":1,"28":5,"29":5,"30":5,"31":5,"32":1,"33":1,"34":1,"35":1,"36":1,"37":0,"38":5,"39":5,"40":5,"41":5,"42":6,"43":6,"44":6,"45":5,"46":1,"47":6,"48":2,"49":2,"50":1,"51":1,"52":1,"53":1,"54":1,"55":6},"f":{"0":1,"1":0,"2":8,"3":5,"4":1,"5":1,"6":1,"7":1,"8":6,"9":2},"b":{"0":[1,0],"1":[1,4],"2":[1,0],"3":[1,1]},"_coverageSchema":"1a1c01bbd47fc00a2c39e90264f33305004495a9","hash":"5e755eae6e5351e5ee5aff778983f41832daf448"}
}
