TN:
SF:api.js
FN:4,(anonymous_0)
FN:19,(anonymous_1)
FN:23,(anonymous_2)
FN:30,(anonymous_3)
FN:36,(anonymous_4)
FNF:5
FNH:5
FNDA:14,(anonymous_0)
FNDA:8,(anonymous_1)
FNDA:2,(anonymous_2)
FNDA:2,(anonymous_3)
FNDA:2,(anonymous_4)
DA:1,7
DA:3,7
DA:5,14
DA:12,13
DA:13,1
DA:16,12
DA:20,8
DA:24,2
DA:31,2
DA:37,2
LF:10
LH:10
BRDA:4,0,0,8
BRDA:12,1,0,1
BRDA:12,1,1,12
BRDA:16,2,0,2
BRDA:16,2,1,10
BRF:5
BRH:5
end_of_record
TN:
SF:app.js
FN:7,(anonymous_0)
FN:11,(anonymous_1)
FN:17,(anonymous_2)
FN:21,(anonymous_3)
FN:36,(anonymous_4)
FN:38,(anonymous_5)
FN:48,(anonymous_6)
FN:51,(anonymous_7)
FN:65,(anonymous_8)
FN:73,(anonymous_9)
FNF:10
FNH:9
FNDA:1,(anonymous_0)
FNDA:0,(anonymous_1)
FNDA:8,(anonymous_2)
FNDA:5,(anonymous_3)
FNDA:1,(anonymous_4)
FNDA:1,(anonymous_5)
FNDA:1,(anonymous_6)
FNDA:1,(anonymous_7)
FNDA:6,(anonymous_8)
FNDA:2,(anonymous_9)
DA:3,6
DA:7,6
DA:8,1
DA:9,1
DA:10,1
DA:11,1
DA:12,0
DA:17,6
DA:18,8
DA:19,8
DA:21,8
DA:22,5
DA:23,5
DA:25,5
DA:26,5
DA:27,5
DA:28,5
DA:30,5
DA:31,5
DA:32,5
DA:33,1
DA:36,5
DA:37,1
DA:38,1
DA:39,1
DA:40,1
DA:42,1
DA:45,5
DA:46,5
DA:47,5
DA:48,5
DA:49,1
DA:50,1
DA:51,1
DA:52,1
DA:54,0
DA:58,5
DA:59,5
DA:60,5
DA:61,5
DA:65,6
DA:66,6
DA:67,6
DA:68,5
DA:70,1
DA:73,6
DA:74,2
DA:75,2
DA:77,1
DA:78,1
DA:79,1
DA:80,1
DA:84,6
LF:53
LH:51
BRDA:9,0,0,1
BRDA:9,0,1,0
BRDA:32,1,0,1
BRDA:32,1,1,4
BRDA:39,2,0,1
BRDA:39,2,1,0
BRDA:75,3,0,1
BRDA:75,3,1,1
BRF:8
BRH:6
end_of_record
